<?xml version="1.0" encoding="UTF-8"?>
<robot generator="Robot 6.1.1 (Python 3.11.10 on linux)" generated="20241118 22:43:28.024" rpa="false" schemaversion="4">
<suite id="s1" name="Register" source="/home/eero/repositories/Palautusrepositorio/viikko3/web-login/src/tests/register.robot">
<kw name="Open And Configure Browser" library="resource" type="SETUP">
<if>
<branch type="IF" condition="$BROWSER == 'chrome'">
<kw name="Evaluate" library="BuiltIn">
<var>${options}</var>
<arg>sys.modules['selenium.webdriver'].ChromeOptions()</arg>
<arg>sys</arg>
<doc>Evaluates the given expression in Python and returns the result.</doc>
<status status="NOT RUN" starttime="20241118 22:43:28.127" endtime="20241118 22:43:28.127"/>
</kw>
<status status="NOT RUN" starttime="20241118 22:43:28.126" endtime="20241118 22:43:28.127"/>
</branch>
<branch type="ELSE IF" condition="$BROWSER == 'firefox'">
<kw name="Evaluate" library="BuiltIn">
<var>${options}</var>
<arg>sys.modules['selenium.webdriver'].FirefoxOptions()</arg>
<arg>sys</arg>
<doc>Evaluates the given expression in Python and returns the result.</doc>
<msg timestamp="20241118 22:43:28.127" level="INFO">${options} = &lt;selenium.webdriver.firefox.options.Options object at 0x7f8f9d270990&gt;</msg>
<status status="PASS" starttime="20241118 22:43:28.127" endtime="20241118 22:43:28.128"/>
</kw>
<status status="PASS" starttime="20241118 22:43:28.127" endtime="20241118 22:43:28.128"/>
</branch>
<status status="PASS" starttime="20241118 22:43:28.126" endtime="20241118 22:43:28.128"/>
</if>
<if>
<branch type="IF" condition="$HEADLESS == 'true'">
<kw name="Set Selenium Speed" library="SeleniumLibrary">
<arg>0</arg>
<doc>Sets the delay that is waited after each Selenium command.</doc>
<status status="NOT RUN" starttime="20241118 22:43:28.128" endtime="20241118 22:43:28.128"/>
</kw>
<kw name="Call Method" library="BuiltIn">
<arg>${options}</arg>
<arg>add_argument</arg>
<arg>--headless</arg>
<doc>Calls the named method of the given object with the provided arguments.</doc>
<status status="NOT RUN" starttime="20241118 22:43:28.128" endtime="20241118 22:43:28.128"/>
</kw>
<status status="NOT RUN" starttime="20241118 22:43:28.128" endtime="20241118 22:43:28.128"/>
</branch>
<branch type="ELSE">
<kw name="Set Selenium Speed" library="SeleniumLibrary">
<arg>${DELAY}</arg>
<doc>Sets the delay that is waited after each Selenium command.</doc>
<status status="PASS" starttime="20241118 22:43:28.128" endtime="20241118 22:43:28.128"/>
</kw>
<status status="PASS" starttime="20241118 22:43:28.128" endtime="20241118 22:43:28.128"/>
</branch>
<status status="PASS" starttime="20241118 22:43:28.128" endtime="20241118 22:43:28.128"/>
</if>
<kw name="Open Browser" library="SeleniumLibrary">
<arg>browser=${BROWSER}</arg>
<arg>options=${options}</arg>
<doc>Opens a new browser instance to the optional ``url``.</doc>
<msg timestamp="20241118 22:43:28.128" level="INFO">Opening browser 'firefox' to base url 'None'.</msg>
<status status="PASS" starttime="20241118 22:43:28.128" endtime="20241118 22:43:29.778"/>
</kw>
<status status="PASS" starttime="20241118 22:43:28.126" endtime="20241118 22:43:29.778"/>
</kw>
<test id="s1-t1" name="Register With Valid Username And Password" line="9">
<kw name="Reset Application Create User And Go To Register Page" type="SETUP">
<kw name="Reset Application" library="AppLibrary">
<status status="PASS" starttime="20241118 22:43:29.779" endtime="20241118 22:43:29.781"/>
</kw>
<kw name="Go To Register Page" library="resource">
<kw name="Go To" library="SeleniumLibrary">
<arg>${REGISTER_URL}</arg>
<doc>Navigates the current browser window to the provided ``url``.</doc>
<msg timestamp="20241118 22:43:29.782" level="INFO">Opening url 'http://localhost:5001/register'</msg>
<status status="PASS" starttime="20241118 22:43:29.781" endtime="20241118 22:43:30.435"/>
</kw>
<status status="PASS" starttime="20241118 22:43:29.781" endtime="20241118 22:43:30.435"/>
</kw>
<status status="PASS" starttime="20241118 22:43:29.779" endtime="20241118 22:43:30.435"/>
</kw>
<kw name="Set Username">
<arg>kalle</arg>
<kw name="Input Text" library="SeleniumLibrary">
<arg>username</arg>
<arg>${username}</arg>
<doc>Types the given ``text`` into the text field identified by ``locator``.</doc>
<msg timestamp="20241118 22:43:30.436" level="INFO">Typing text 'kalle' into text field 'username'.</msg>
<status status="PASS" starttime="20241118 22:43:30.436" endtime="20241118 22:43:31.980"/>
</kw>
<status status="PASS" starttime="20241118 22:43:30.436" endtime="20241118 22:43:31.980"/>
</kw>
<kw name="Set Password">
<arg>kalle123</arg>
<kw name="Input Password" library="SeleniumLibrary">
<arg>password</arg>
<arg>${password}</arg>
<doc>Types the given password into the text field identified by ``locator``.</doc>
<msg timestamp="20241118 22:43:31.981" level="INFO">Typing password into text field 'password'.</msg>
<msg timestamp="20241118 22:43:32.986" level="INFO">Temporally setting log level to: NONE</msg>
<msg timestamp="20241118 22:43:33.492" level="INFO">Log level changed from NONE to INFO.</msg>
<status status="PASS" starttime="20241118 22:43:31.980" endtime="20241118 22:43:33.492"/>
</kw>
<status status="PASS" starttime="20241118 22:43:31.980" endtime="20241118 22:43:33.492"/>
</kw>
<kw name="Set Passwordconfirmation kalle123">
<msg timestamp="20241118 22:43:33.494" level="FAIL">No keyword with name 'Set Passwordconfirmation kalle123' found. Did you mean:
    Set Passwordconfirmation</msg>
<status status="FAIL" starttime="20241118 22:43:33.493" endtime="20241118 22:43:33.494"/>
</kw>
<kw name="Submit Credentials">
<status status="NOT RUN" starttime="20241118 22:43:33.494" endtime="20241118 22:43:33.494"/>
</kw>
<kw name="Register Should Succeed">
<status status="NOT RUN" starttime="20241118 22:43:33.494" endtime="20241118 22:43:33.494"/>
</kw>
<status status="FAIL" starttime="20241118 22:43:29.778" endtime="20241118 22:43:33.494">No keyword with name 'Set Passwordconfirmation kalle123' found. Did you mean:
    Set Passwordconfirmation</status>
</test>
<test id="s1-t2" name="Register With Too Short Username And Valid Password" line="16">
<status status="FAIL" starttime="20241118 22:43:33.494" endtime="20241118 22:43:33.494">Test cannot be empty.</status>
</test>
<test id="s1-t3" name="Register With Valid Username And Too Short Password" line="19">
<status status="FAIL" starttime="20241118 22:43:33.494" endtime="20241118 22:43:33.494">Test cannot be empty.</status>
</test>
<test id="s1-t4" name="Register With Valid Username And Invalid Password" line="22">
<status status="FAIL" starttime="20241118 22:43:33.495" endtime="20241118 22:43:33.495">Test cannot be empty.</status>
</test>
<test id="s1-t5" name="Register With Nonmatching Password And Password Confirmation" line="26">
<status status="FAIL" starttime="20241118 22:43:33.495" endtime="20241118 22:43:33.495">Test cannot be empty.</status>
</test>
<test id="s1-t6" name="Register With Username That Is Already In Use" line="29">
<status status="FAIL" starttime="20241118 22:43:33.495" endtime="20241118 22:43:33.495">Test cannot be empty.</status>
</test>
<kw name="Close Browser" library="SeleniumLibrary" type="TEARDOWN">
<doc>Closes the current browser.</doc>
<status status="PASS" starttime="20241118 22:43:33.495" endtime="20241118 22:43:34.466"/>
</kw>
<status status="FAIL" starttime="20241118 22:43:28.025" endtime="20241118 22:43:34.466"/>
</suite>
<statistics>
<total>
<stat pass="0" fail="6" skip="0">All Tests</stat>
</total>
<tag>
</tag>
<suite>
<stat pass="0" fail="6" skip="0" id="s1" name="Register">Register</stat>
</suite>
</statistics>
<errors>
</errors>
</robot>
